2001.04.23 23:30 B D:\noa\oldmud\force\convert <-- doe /home/doe/oldmud/force convert
2001.04.23 23:30 B D:\noa\oldmud\force\duallightsaber <-- doe /home/doe/oldmud/force duallightsaber
2001.04.23 23:30 B D:\noa\oldmud\force\fdisguise <-- doe /home/doe/oldmud/force fdisguise
2001.04.23 23:30 B D:\noa\oldmud\force\fhelp <-- doe /home/doe/oldmud/force fhelp
2001.04.23 23:30 B D:\noa\oldmud\force\finfo <-- doe /home/doe/oldmud/force finfo
2001.04.23 23:30 B D:\noa\oldmud\force\finish <-- doe /home/doe/oldmud/force finish
2001.04.23 23:30 B D:\noa\oldmud\force\force_lightning <-- doe /home/doe/oldmud/force force_lightning
2001.04.23 23:30 B D:\noa\oldmud\force\forceskills.lst <-- doe /home/doe/oldmud/force forceskills.lst
2001.04.23 23:30 B D:\noa\oldmud\force\fshield <-- doe /home/doe/oldmud/force fshield
2001.04.23 23:30 B D:\noa\oldmud\force\heal <-- doe /home/doe/oldmud/force heal
2001.04.23 23:30 B D:\noa\oldmud\force\identify <-- doe /home/doe/oldmud/force identify
2001.04.23 23:30 B D:\noa\oldmud\force\instruct <-- doe /home/doe/oldmud/force instruct
2001.04.23 23:30 B D:\noa\oldmud\force\makelightsaber <-- doe /home/doe/oldmud/force makelightsaber
2001.04.23 23:30 B D:\noa\oldmud\force\master <-- doe /home/doe/oldmud/force master
2001.04.23 23:30 B D:\noa\oldmud\force\parry <-- doe /home/doe/oldmud/force parry
2001.04.23 23:30 B D:\noa\oldmud\force\promote <-- doe /home/doe/oldmud/force promote
2001.04.23 23:30 B D:\noa\oldmud\force\protect <-- doe /home/doe/oldmud/force protect
2001.04.23 23:30 B D:\noa\oldmud\force\reflect <-- doe /home/doe/oldmud/force reflect
2001.04.23 23:30 B D:\noa\oldmud\force\refresh <-- doe /home/doe/oldmud/force refresh
2001.04.23 23:30 B D:\noa\oldmud\force\squeeze <-- doe /home/doe/oldmud/force squeeze
2001.04.23 23:30 B D:\noa\oldmud\force\strike <-- doe /home/doe/oldmud/force strike
2001.04.23 23:30 B D:\noa\oldmud\force\student <-- doe /home/doe/oldmud/force student
2001.04.23 23:30 B D:\noa\oldmud\force\whirlwind <-- doe /home/doe/oldmud/force whirlwind
2001.04.23 23:59 B D:\noa\oldmud\force\convert --> barney /home/noa/oldmud/force convert
2001.04.23 23:59 B D:\noa\oldmud\force\duallightsaber --> barney /home/noa/oldmud/force duallightsaber
2001.04.23 23:59 B D:\noa\oldmud\force\fdisguise --> barney /home/noa/oldmud/force fdisguise
2001.04.23 23:59 B D:\noa\oldmud\force\fhelp --> barney /home/noa/oldmud/force fhelp
2001.04.23 23:59 B D:\noa\oldmud\force\finfo --> barney /home/noa/oldmud/force finfo
2001.04.23 23:59 B D:\noa\oldmud\force\finish --> barney /home/noa/oldmud/force finish
2001.04.23 23:59 B D:\noa\oldmud\force\force_lightning --> barney /home/noa/oldmud/force force_lightning
2001.04.23 23:59 B D:\noa\oldmud\force\forceskills.lst --> barney /home/noa/oldmud/force forceskills.lst
2001.04.23 23:59 B D:\noa\oldmud\force\fshield --> barney /home/noa/oldmud/force fshield
2001.04.23 23:59 B D:\noa\oldmud\force\heal --> barney /home/noa/oldmud/force heal
2001.04.23 23:59 B D:\noa\oldmud\force\identify --> barney /home/noa/oldmud/force identify
2001.04.23 23:59 B D:\noa\oldmud\force\instruct --> barney /home/noa/oldmud/force instruct
2001.04.23 23:59 B D:\noa\oldmud\force\makelightsaber --> barney /home/noa/oldmud/force makelightsaber
2001.04.23 23:59 B D:\noa\oldmud\force\master --> barney /home/noa/oldmud/force master
2001.04.23 23:59 B D:\noa\oldmud\force\parry --> barney /home/noa/oldmud/force parry
2001.04.23 23:59 B D:\noa\oldmud\force\promote --> barney /home/noa/oldmud/force promote
2001.04.23 23:59 B D:\noa\oldmud\force\protect --> barney /home/noa/oldmud/force protect
2001.04.23 23:59 B D:\noa\oldmud\force\reflect --> barney /home/noa/oldmud/force reflect
2001.04.23 23:59 B D:\noa\oldmud\force\refresh --> barney /home/noa/oldmud/force refresh
2001.04.23 23:59 B D:\noa\oldmud\force\squeeze --> barney /home/noa/oldmud/force squeeze
2001.04.23 23:59 B D:\noa\oldmud\force\strike --> barney /home/noa/oldmud/force strike
2001.04.23 23:59 B D:\noa\oldmud\force\student --> barney /home/noa/oldmud/force student
2001.04.23 23:59 B D:\noa\oldmud\force\whirlwind --> barney /home/noa/oldmud/force whirlwind
