2001.04.23 23:30 B D:\noa\oldmud\force\help\apprentice_1 <-- doe /home/doe/oldmud/force/help apprentice_1
2001.04.23 23:30 B D:\noa\oldmud\force\help\apprentice_2 <-- doe /home/doe/oldmud/force/help apprentice_2
2001.04.23 23:30 B D:\noa\oldmud\force\help\convert_0 <-- doe /home/doe/oldmud/force/help convert_0
2001.04.23 23:30 B D:\noa\oldmud\force\help\duallightsaber_0 <-- doe /home/doe/oldmud/force/help duallightsaber_0
2001.04.23 23:30 B D:\noa\oldmud\force\help\fdisguise_2 <-- doe /home/doe/oldmud/force/help fdisguise_2
2001.04.23 23:30 B D:\noa\oldmud\force\help\finfo_0 <-- doe /home/doe/oldmud/force/help finfo_0
2001.04.23 23:30 B D:\noa\oldmud\force\help\finish_0 <-- doe /home/doe/oldmud/force/help finish_0
2001.04.23 23:30 B D:\noa\oldmud\force\help\force_0 <-- doe /home/doe/oldmud/force/help force_0
2001.04.23 23:30 B D:\noa\oldmud\force\help\force_lightning_2 <-- doe /home/doe/oldmud/force/help force_lightning_2
2001.04.23 23:30 B D:\noa\oldmud\force\help\forcehelps.lst <-- doe /home/doe/oldmud/force/help forcehelps.lst
2001.04.23 23:30 B D:\noa\oldmud\force\help\fshield_1 <-- doe /home/doe/oldmud/force/help fshield_1
2001.04.23 23:30 B D:\noa\oldmud\force\help\general_0 <-- doe /home/doe/oldmud/force/help general_0
2001.04.23 23:30 B D:\noa\oldmud\force\help\heal_1 <-- doe /home/doe/oldmud/force/help heal_1
2001.04.23 23:30 B D:\noa\oldmud\force\help\identify_0 <-- doe /home/doe/oldmud/force/help identify_0
2001.04.23 23:30 B D:\noa\oldmud\force\help\instruct_1 <-- doe /home/doe/oldmud/force/help instruct_1
2001.04.23 23:30 B D:\noa\oldmud\force\help\instruct_2 <-- doe /home/doe/oldmud/force/help instruct_2
2001.04.23 23:30 B D:\noa\oldmud\force\help\jedi_1 <-- doe /home/doe/oldmud/force/help jedi_1
2001.04.23 23:30 B D:\noa\oldmud\force\help\jedi_2 <-- doe /home/doe/oldmud/force/help jedi_2
2001.04.23 23:30 B D:\noa\oldmud\force\help\knight_1 <-- doe /home/doe/oldmud/force/help knight_1
2001.04.23 23:30 B D:\noa\oldmud\force\help\lord_2 <-- doe /home/doe/oldmud/force/help lord_2
2001.04.23 23:30 B D:\noa\oldmud\force\help\makelightsaber_0 <-- doe /home/doe/oldmud/force/help makelightsaber_0
2001.04.23 23:30 B D:\noa\oldmud\force\help\master_1 <-- doe /home/doe/oldmud/force/help master_1
2001.04.23 23:30 B D:\noa\oldmud\force\help\master_2 <-- doe /home/doe/oldmud/force/help master_2
2001.04.23 23:30 B D:\noa\oldmud\force\help\news_1 <-- doe /home/doe/oldmud/force/help news_1
2001.04.23 23:30 B D:\noa\oldmud\force\help\news_2 <-- doe /home/doe/oldmud/force/help news_2
2001.04.23 23:30 B D:\noa\oldmud\force\help\parry_0 <-- doe /home/doe/oldmud/force/help parry_0
2001.04.23 23:30 B D:\noa\oldmud\force\help\promote_0 <-- doe /home/doe/oldmud/force/help promote_0
2001.04.23 23:30 B D:\noa\oldmud\force\help\protect_1 <-- doe /home/doe/oldmud/force/help protect_1
2001.04.23 23:30 B D:\noa\oldmud\force\help\refresh_0 <-- doe /home/doe/oldmud/force/help refresh_0
2001.04.23 23:30 B D:\noa\oldmud\force\help\sith_1 <-- doe /home/doe/oldmud/force/help sith_1
2001.04.23 23:30 B D:\noa\oldmud\force\help\sith_2 <-- doe /home/doe/oldmud/force/help sith_2
2001.04.23 23:30 B D:\noa\oldmud\force\help\squeeze_2 <-- doe /home/doe/oldmud/force/help squeeze_2
2001.04.23 23:30 B D:\noa\oldmud\force\help\strike_0 <-- doe /home/doe/oldmud/force/help strike_0
2001.04.23 23:30 B D:\noa\oldmud\force\help\whirlwind_0 <-- doe /home/doe/oldmud/force/help whirlwind_0
2001.04.23 23:59 B D:\noa\oldmud\force\help\apprentice_1 --> barney /home/noa/oldmud/force/help apprentice_1
2001.04.23 23:59 B D:\noa\oldmud\force\help\apprentice_2 --> barney /home/noa/oldmud/force/help apprentice_2
2001.04.23 23:59 B D:\noa\oldmud\force\help\convert_0 --> barney /home/noa/oldmud/force/help convert_0
2001.04.23 23:59 B D:\noa\oldmud\force\help\duallightsaber_0 --> barney /home/noa/oldmud/force/help duallightsaber_0
2001.04.23 23:59 B D:\noa\oldmud\force\help\fdisguise_2 --> barney /home/noa/oldmud/force/help fdisguise_2
2001.04.23 23:59 B D:\noa\oldmud\force\help\finfo_0 --> barney /home/noa/oldmud/force/help finfo_0
2001.04.23 23:59 B D:\noa\oldmud\force\help\finish_0 --> barney /home/noa/oldmud/force/help finish_0
2001.04.23 23:59 B D:\noa\oldmud\force\help\force_0 --> barney /home/noa/oldmud/force/help force_0
2001.04.23 23:59 B D:\noa\oldmud\force\help\force_lightning_2 --> barney /home/noa/oldmud/force/help force_lightning_2
2001.04.23 23:59 B D:\noa\oldmud\force\help\forcehelps.lst --> barney /home/noa/oldmud/force/help forcehelps.lst
2001.04.23 23:59 B D:\noa\oldmud\force\help\fshield_1 --> barney /home/noa/oldmud/force/help fshield_1
2001.04.23 23:59 B D:\noa\oldmud\force\help\general_0 --> barney /home/noa/oldmud/force/help general_0
2001.04.23 23:59 B D:\noa\oldmud\force\help\heal_1 --> barney /home/noa/oldmud/force/help heal_1
2001.04.23 23:59 B D:\noa\oldmud\force\help\identify_0 --> barney /home/noa/oldmud/force/help identify_0
2001.04.23 23:59 B D:\noa\oldmud\force\help\instruct_1 --> barney /home/noa/oldmud/force/help instruct_1
2001.04.23 23:59 B D:\noa\oldmud\force\help\instruct_2 --> barney /home/noa/oldmud/force/help instruct_2
2001.04.23 23:59 B D:\noa\oldmud\force\help\jedi_1 --> barney /home/noa/oldmud/force/help jedi_1
2001.04.23 23:59 B D:\noa\oldmud\force\help\jedi_2 --> barney /home/noa/oldmud/force/help jedi_2
2001.04.23 23:59 B D:\noa\oldmud\force\help\knight_1 --> barney /home/noa/oldmud/force/help knight_1
2001.04.23 23:59 B D:\noa\oldmud\force\help\lord_2 --> barney /home/noa/oldmud/force/help lord_2
2001.04.23 23:59 B D:\noa\oldmud\force\help\makelightsaber_0 --> barney /home/noa/oldmud/force/help makelightsaber_0
2001.04.23 23:59 B D:\noa\oldmud\force\help\master_1 --> barney /home/noa/oldmud/force/help master_1
2001.04.23 23:59 B D:\noa\oldmud\force\help\master_2 --> barney /home/noa/oldmud/force/help master_2
2001.04.23 23:59 B D:\noa\oldmud\force\help\news_1 --> barney /home/noa/oldmud/force/help news_1
2001.04.23 23:59 B D:\noa\oldmud\force\help\news_2 --> barney /home/noa/oldmud/force/help news_2
2001.04.23 23:59 B D:\noa\oldmud\force\help\parry_0 --> barney /home/noa/oldmud/force/help parry_0
2001.04.23 23:59 B D:\noa\oldmud\force\help\promote_0 --> barney /home/noa/oldmud/force/help promote_0
2001.04.23 23:59 B D:\noa\oldmud\force\help\protect_1 --> barney /home/noa/oldmud/force/help protect_1
2001.04.23 23:59 B D:\noa\oldmud\force\help\refresh_0 --> barney /home/noa/oldmud/force/help refresh_0
2001.04.23 23:59 B D:\noa\oldmud\force\help\sith_1 --> barney /home/noa/oldmud/force/help sith_1
2001.04.23 23:59 B D:\noa\oldmud\force\help\sith_2 --> barney /home/noa/oldmud/force/help sith_2
2001.04.23 23:59 B D:\noa\oldmud\force\help\squeeze_2 --> barney /home/noa/oldmud/force/help squeeze_2
2001.04.23 23:59 B D:\noa\oldmud\force\help\strike_0 --> barney /home/noa/oldmud/force/help strike_0
2001.04.23 23:59 B D:\noa\oldmud\force\help\whirlwind_0 --> barney /home/noa/oldmud/force/help whirlwind_0
